<?xml version="1.0" encoding="UTF-8"?>
<!-- Generated by org.testng.reporters.JUnitReportReporter -->
<testsuite skipped="0" hostname="DESKTOP-QG5NK8U" name="imdb.FetchTop250MoviesDetails" tests="3" failures="0" timestamp="26 May 2019 16:08:50 GMT" time="294.949" errors="0">
  <testcase name="GetURL" time="17.634" classname="imdb.FetchTop250MoviesDetails"/>
  <testcase name="FetchData" time="257.926" classname="imdb.FetchTop250MoviesDetails"/>
  <testcase name="NavigateInIMDB" time="19.389" classname="imdb.FetchTop250MoviesDetails"/>
</testsuite> <!-- imdb.FetchTop250MoviesDetails -->
